2020-06-24 20:36:10,407 INFO 2112 [Timer] E:\code\egg-blog\node_modules\egg-multipart\app\schedule\clean_tmpdir.js next time will execute after 28429595ms at 2020-06-25 04:30:00.002
2020-06-24 20:36:10,408 INFO 2112 [Timer] E:\code\egg-blog\node_modules\egg-logrotator\app\schedule\clean_log.js next time will execute after 12229592ms at 2020-06-25 00:00:00.000
2020-06-24 20:36:10,408 INFO 2112 [Timer] E:\code\egg-blog\node_modules\egg-logrotator\app\schedule\rotate_by_file.js next time will execute after 12230592ms at 2020-06-25 00:00:01.000
2020-06-24 20:36:10,318 INFO 17940 [egg-schedule]: register schedule E:\code\egg-blog\node_modules\egg-multipart\app\schedule\clean_tmpdir.js
2020-06-24 20:36:10,318 INFO 17940 [egg-schedule]: register schedule E:\code\egg-blog\node_modules\egg-logrotator\app\schedule\clean_log.js
2020-06-24 20:36:10,318 INFO 17940 [egg-schedule]: register schedule E:\code\egg-blog\node_modules\egg-logrotator\app\schedule\rotate_by_file.js
2020-06-24 20:36:31,534 INFO 20892 [egg-schedule]: register schedule E:\code\egg-blog\node_modules\egg-multipart\app\schedule\clean_tmpdir.js
2020-06-24 20:36:31,534 INFO 20892 [egg-schedule]: register schedule E:\code\egg-blog\node_modules\egg-logrotator\app\schedule\clean_log.js
2020-06-24 20:36:31,534 INFO 20892 [egg-schedule]: register schedule E:\code\egg-blog\node_modules\egg-logrotator\app\schedule\rotate_by_file.js
2020-06-24 20:37:11,625 INFO 3240 [egg-schedule]: register schedule E:\code\egg-blog\node_modules\egg-multipart\app\schedule\clean_tmpdir.js
2020-06-24 20:37:11,625 INFO 3240 [egg-schedule]: register schedule E:\code\egg-blog\node_modules\egg-logrotator\app\schedule\clean_log.js
2020-06-24 20:37:11,625 INFO 3240 [egg-schedule]: register schedule E:\code\egg-blog\node_modules\egg-logrotator\app\schedule\rotate_by_file.js
2020-06-24 20:38:05,760 INFO 7264 [egg-schedule]: register schedule E:\code\egg-blog\node_modules\egg-multipart\app\schedule\clean_tmpdir.js
2020-06-24 20:38:05,760 INFO 7264 [egg-schedule]: register schedule E:\code\egg-blog\node_modules\egg-logrotator\app\schedule\clean_log.js
2020-06-24 20:38:05,760 INFO 7264 [egg-schedule]: register schedule E:\code\egg-blog\node_modules\egg-logrotator\app\schedule\rotate_by_file.js
2020-06-24 20:38:12,226 INFO 22148 [egg-schedule]: register schedule E:\code\egg-blog\node_modules\egg-multipart\app\schedule\clean_tmpdir.js
2020-06-24 20:38:12,226 INFO 22148 [egg-schedule]: register schedule E:\code\egg-blog\node_modules\egg-logrotator\app\schedule\clean_log.js
2020-06-24 20:38:12,226 INFO 22148 [egg-schedule]: register schedule E:\code\egg-blog\node_modules\egg-logrotator\app\schedule\rotate_by_file.js
2020-06-24 20:38:12,353 INFO 17956 [Timer] E:\code\egg-blog\node_modules\egg-multipart\app\schedule\clean_tmpdir.js next time will execute after 28307650ms at 2020-06-25 04:30:00.003
2020-06-24 20:38:12,353 INFO 17956 [Timer] E:\code\egg-blog\node_modules\egg-logrotator\app\schedule\clean_log.js next time will execute after 12107647ms at 2020-06-25 00:00:00.000
2020-06-24 20:38:12,353 INFO 17956 [Timer] E:\code\egg-blog\node_modules\egg-logrotator\app\schedule\rotate_by_file.js next time will execute after 12108647ms at 2020-06-25 00:00:01.000
